#-----------------------------------------------------------
# Vivado v2019.1.3 (64-bit)
# SW Build 2644227 on Wed Sep  4 09:45:24 MDT 2019
# IP Build 2633630 on Wed Sep  4 12:30:14 MDT 2019
# Start of session at: Sat Jan 11 15:49:39 2025
# Process ID: 15604
# Current directory: C:/Users/giuff/OneDrive/Documents/UTEC/Neutrino/Sincronizador_neutrinos_study/Time_Stamp_Controller
# Command line: vivado.exe -gui_launcher_event rodinguilauncherevent11340 C:\Users\giuff\OneDrive\Documents\UTEC\Neutrino\Sincronizador_neutrinos_study\Time_Stamp_Controller\Time_Stamp_Controller.xpr
# Log file: C:/Users/giuff/OneDrive/Documents/UTEC/Neutrino/Sincronizador_neutrinos_study/Time_Stamp_Controller/vivado.log
# Journal file: C:/Users/giuff/OneDrive/Documents/UTEC/Neutrino/Sincronizador_neutrinos_study/Time_Stamp_Controller\vivado.jou
#-----------------------------------------------------------
start_gui
open_project C:/Users/giuff/OneDrive/Documents/UTEC/Neutrino/Sincronizador_neutrinos_study/Time_Stamp_Controller/Time_Stamp_Controller.xpr
INFO: [ProjectBase 1-489] The host OS only allows 260 characters in a normal path. The project is stored in a path with more than 80 characters. If you experience issues with IP, Block Designs, or files not being found, please consider moving the project to a location with a shorter path. Alternately consider using the OS subst command to map part of the path to a drive letter.
Current project path is 'C:/Users/giuff/OneDrive/Documents/UTEC/Neutrino/Sincronizador_neutrinos_study/Time_Stamp_Controller'
INFO: [Project 1-313] Project file moved from 'C:/Users/agiuffra/Documents/Neutrino_VHDL/Sincronizador_neutrinos_study/Time_Stamp_Controller' since last save.
Scanning sources...
Finished scanning sources
INFO: [IP_Flow 19-234] Refreshing IP repositories
INFO: [IP_Flow 19-1704] No user IP repositories specified
INFO: [IP_Flow 19-2313] Loaded Vivado IP repository 'C:/Xilinx/Vivado/2019.1/data/ip'.
open_project: Time (s): cpu = 00:00:08 ; elapsed = 00:00:15 . Memory (MB): peak = 820.133 ; gain = 164.293
update_compile_order -fileset sources_1
exit
INFO: [Common 17-206] Exiting Vivado at Sun Jan 12 01:15:19 2025...
