#-----------------------------------------------------------
# Vivado v2019.1.3 (64-bit)
# SW Build 2644227 on Wed Sep  4 09:45:24 MDT 2019
# IP Build 2633630 on Wed Sep  4 12:30:14 MDT 2019
# Start of session at: Mon Jan 13 01:11:58 2025
# Process ID: 22772
# Current directory: C:/Users/giuff/OneDrive/Documents/UTEC/Neutrino/Sincronizador_neutrinos_study/Time_Stamp_Controller
# Command line: vivado.exe -gui_launcher_event rodinguilauncherevent8632 C:\Users\giuff\OneDrive\Documents\UTEC\Neutrino\Sincronizador_neutrinos_study\Time_Stamp_Controller\Time_Stamp_Controller.xpr
# Log file: C:/Users/giuff/OneDrive/Documents/UTEC/Neutrino/Sincronizador_neutrinos_study/Time_Stamp_Controller/vivado.log
# Journal file: C:/Users/giuff/OneDrive/Documents/UTEC/Neutrino/Sincronizador_neutrinos_study/Time_Stamp_Controller\vivado.jou
#-----------------------------------------------------------
start_gui
open_project C:/Users/giuff/OneDrive/Documents/UTEC/Neutrino/Sincronizador_neutrinos_study/Time_Stamp_Controller/Time_Stamp_Controller.xpr
INFO: [ProjectBase 1-489] The host OS only allows 260 characters in a normal path. The project is stored in a path with more than 80 characters. If you experience issues with IP, Block Designs, or files not being found, please consider moving the project to a location with a shorter path. Alternately consider using the OS subst command to map part of the path to a drive letter.
Current project path is 'C:/Users/giuff/OneDrive/Documents/UTEC/Neutrino/Sincronizador_neutrinos_study/Time_Stamp_Controller'
INFO: [Project 1-313] Project file moved from 'C:/Users/agiuffra/Documents/Neutrino_VHDL/Sincronizador_neutrinos_study/Time_Stamp_Controller' since last save.
Scanning sources...
Finished scanning sources
INFO: [IP_Flow 19-234] Refreshing IP repositories
INFO: [IP_Flow 19-1704] No user IP repositories specified
INFO: [IP_Flow 19-2313] Loaded Vivado IP repository 'C:/Xilinx/Vivado/2019.1/data/ip'.
open_project: Time (s): cpu = 00:00:09 ; elapsed = 00:00:15 . Memory (MB): peak = 873.602 ; gain = 225.348
update_compile_order -fileset sources_1
set_property top TS_CTRL [current_fileset]
update_compile_order -fileset sources_1
update_compile_order -fileset sources_1
update_compile_order -fileset sources_1
set_property top TS_CTRL [current_fileset]
update_compile_order -fileset sources_1
update_compile_order -fileset sources_1
update_compile_order -fileset sources_1
update_compile_order -fileset sources_1
close [ open C:/Users/giuff/OneDrive/Documents/UTEC/Neutrino/Sincronizador_neutrinos_study/Time_Stamp_Controller/Time_Stamp_Controller.srcs/sources_1/new/SM.vhd w ]
add_files C:/Users/giuff/OneDrive/Documents/UTEC/Neutrino/Sincronizador_neutrinos_study/Time_Stamp_Controller/Time_Stamp_Controller.srcs/sources_1/new/SM.vhd
update_compile_order -fileset sources_1
update_compile_order -fileset sources_1
set_property source_mgmt_mode DisplayOnly [current_project]
export_ip_user_files -of_objects  [get_files C:/Users/giuff/OneDrive/Documents/UTEC/Neutrino/Sincronizador_neutrinos_study/Time_Stamp_Controller/Time_Stamp_Controller.srcs/sources_1/new/SM.vhd] -no_script -reset -force -quiet
remove_files  C:/Users/giuff/OneDrive/Documents/UTEC/Neutrino/Sincronizador_neutrinos_study/Time_Stamp_Controller/Time_Stamp_Controller.srcs/sources_1/new/SM.vhd
file delete -force C:/Users/giuff/OneDrive/Documents/UTEC/Neutrino/Sincronizador_neutrinos_study/Time_Stamp_Controller/Time_Stamp_Controller.srcs/sources_1/new/SM.vhd
reset_run synth_1
launch_runs synth_1 -jobs 16
[Mon Jan 13 02:56:03 2025] Launched synth_1...
Run output will be captured here: C:/Users/giuff/OneDrive/Documents/UTEC/Neutrino/Sincronizador_neutrinos_study/Time_Stamp_Controller/Time_Stamp_Controller.runs/synth_1/runme.log
reset_run synth_1
launch_runs synth_1 -jobs 16
[Mon Jan 13 02:56:52 2025] Launched synth_1...
Run output will be captured here: C:/Users/giuff/OneDrive/Documents/UTEC/Neutrino/Sincronizador_neutrinos_study/Time_Stamp_Controller/Time_Stamp_Controller.runs/synth_1/runme.log
reset_run synth_1
launch_runs synth_1 -jobs 16
[Mon Jan 13 02:57:13 2025] Launched synth_1...
Run output will be captured here: C:/Users/giuff/OneDrive/Documents/UTEC/Neutrino/Sincronizador_neutrinos_study/Time_Stamp_Controller/Time_Stamp_Controller.runs/synth_1/runme.log
open_run synth_1 -name synth_1
Design is defaulting to impl run constrset: constrs_1
Design is defaulting to synth run part: xc7z020clg400-2
INFO: [Device 21-403] Loading part xc7z020clg400-2
INFO: [Netlist 29-17] Analyzing 12 Unisim elements for replacement
INFO: [Netlist 29-28] Unisim Transformation completed in 0 CPU seconds
INFO: [Project 1-479] Netlist was created with Vivado 2019.1.3
INFO: [Project 1-570] Preparing netlist for logic optimization
INFO: [Opt 31-138] Pushed 0 inverter(s) to 0 load pin(s).
Netlist sorting complete. Time (s): cpu = 00:00:00 ; elapsed = 00:00:00 . Memory (MB): peak = 1216.926 ; gain = 0.000
INFO: [Project 1-111] Unisim Transformation Summary:
No Unisim elements were transformed.

open_run: Time (s): cpu = 00:00:03 ; elapsed = 00:00:07 . Memory (MB): peak = 1430.535 ; gain = 504.973
place_ports CLK U18
set_property IOSTANDARD LVCMOS18 [get_ports [list CLK]]
set_property IOSTANDARD LVCMOS33 [get_ports [list LED1]]
place_ports LED1 R19
place_ports S1 N20
set_property IOSTANDARD LVCMOS33 [get_ports [list S1]]
place_ports S2 U17
set_property IOSTANDARD LVCMOS33 [get_ports [list S2]]
place_ports S2 T16
place_ports S3 P19
set_property IOSTANDARD LVCMOS33 [get_ports [list S3]]
set_property IOSTANDARD LVCMOS18 [get_ports [list UART_TX_o]]
set_property package_pin "" [get_ports [list  UART_TX_o]]
set_property package_pin "" [get_ports [list  UART_TX_o]]
file mkdir C:/Users/giuff/OneDrive/Documents/UTEC/Neutrino/Sincronizador_neutrinos_study/Time_Stamp_Controller/Time_Stamp_Controller.srcs/constrs_1/new
close [ open C:/Users/giuff/OneDrive/Documents/UTEC/Neutrino/Sincronizador_neutrinos_study/Time_Stamp_Controller/Time_Stamp_Controller.srcs/constrs_1/new/const.xdc w ]
add_files -fileset constrs_1 C:/Users/giuff/OneDrive/Documents/UTEC/Neutrino/Sincronizador_neutrinos_study/Time_Stamp_Controller/Time_Stamp_Controller.srcs/constrs_1/new/const.xdc
set_property target_constrs_file C:/Users/giuff/OneDrive/Documents/UTEC/Neutrino/Sincronizador_neutrinos_study/Time_Stamp_Controller/Time_Stamp_Controller.srcs/constrs_1/new/const.xdc [current_fileset -constrset]
save_constraints -force
refresh_design
INFO: [Project 1-570] Preparing netlist for logic optimization
Parsing XDC File [C:/Users/giuff/OneDrive/Documents/UTEC/Neutrino/Sincronizador_neutrinos_study/Time_Stamp_Controller/Time_Stamp_Controller.srcs/constrs_1/new/const.xdc]
CRITICAL WARNING: [Vivado 12-1411] Cannot set LOC property of ports, Site location is not valid [C:/Users/giuff/OneDrive/Documents/UTEC/Neutrino/Sincronizador_neutrinos_study/Time_Stamp_Controller/Time_Stamp_Controller.srcs/constrs_1/new/const.xdc:11]
Finished Parsing XDC File [C:/Users/giuff/OneDrive/Documents/UTEC/Neutrino/Sincronizador_neutrinos_study/Time_Stamp_Controller/Time_Stamp_Controller.srcs/constrs_1/new/const.xdc]
INFO: [Opt 31-138] Pushed 0 inverter(s) to 0 load pin(s).
set_property OFFCHIP_TERM NONE [get_ports [list UART_TX_o]]
set_property OFFCHIP_TERM FP_VTT_50 [get_ports [list UART_TX_o]]
reset_run synth_1
save_constraints -force
launch_runs impl_1 -jobs 16
WARNING: [Project 1-478] Design 'synth_1' is stale and will not be used when launching 'impl_1'
[Mon Jan 13 03:10:30 2025] Launched synth_1...
Run output will be captured here: C:/Users/giuff/OneDrive/Documents/UTEC/Neutrino/Sincronizador_neutrinos_study/Time_Stamp_Controller/Time_Stamp_Controller.runs/synth_1/runme.log
[Mon Jan 13 03:10:30 2025] Launched impl_1...
Run output will be captured here: C:/Users/giuff/OneDrive/Documents/UTEC/Neutrino/Sincronizador_neutrinos_study/Time_Stamp_Controller/Time_Stamp_Controller.runs/impl_1/runme.log
close_design
open_run synth_1 -name synth_1
Design is defaulting to impl run constrset: constrs_1
Design is defaulting to synth run part: xc7z020clg400-2
INFO: [Netlist 29-17] Analyzing 12 Unisim elements for replacement
INFO: [Netlist 29-28] Unisim Transformation completed in 0 CPU seconds
INFO: [Project 1-479] Netlist was created with Vivado 2019.1.3
INFO: [Project 1-570] Preparing netlist for logic optimization
Parsing XDC File [C:/Users/giuff/OneDrive/Documents/UTEC/Neutrino/Sincronizador_neutrinos_study/Time_Stamp_Controller/Time_Stamp_Controller.srcs/constrs_1/new/const.xdc]
CRITICAL WARNING: [Vivado 12-1411] Cannot set LOC property of ports, Site location is not valid [C:/Users/giuff/OneDrive/Documents/UTEC/Neutrino/Sincronizador_neutrinos_study/Time_Stamp_Controller/Time_Stamp_Controller.srcs/constrs_1/new/const.xdc:11]
Finished Parsing XDC File [C:/Users/giuff/OneDrive/Documents/UTEC/Neutrino/Sincronizador_neutrinos_study/Time_Stamp_Controller/Time_Stamp_Controller.srcs/constrs_1/new/const.xdc]
INFO: [Opt 31-138] Pushed 0 inverter(s) to 0 load pin(s).
Netlist sorting complete. Time (s): cpu = 00:00:00 ; elapsed = 00:00:00 . Memory (MB): peak = 2012.066 ; gain = 0.000
INFO: [Project 1-111] Unisim Transformation Summary:
No Unisim elements were transformed.

set_property IOSTANDARD LVCMOS18 [get_ports [list CLK]]
set_property IOSTANDARD HSTL_I_18 [get_ports [list CLK]]
set_property IOSTANDARD HSTL_II_18 [get_ports [list CLK]]
save_constraints
set_property IOSTANDARD HSTL_I_18 [get_ports [list CLK]]
save_constraints
reset_run synth_1
launch_runs synth_1 -jobs 16
[Mon Jan 13 03:13:11 2025] Launched synth_1...
Run output will be captured here: C:/Users/giuff/OneDrive/Documents/UTEC/Neutrino/Sincronizador_neutrinos_study/Time_Stamp_Controller/Time_Stamp_Controller.runs/synth_1/runme.log
close_design
launch_runs impl_1 -jobs 16
[Mon Jan 13 03:14:04 2025] Launched impl_1...
Run output will be captured here: C:/Users/giuff/OneDrive/Documents/UTEC/Neutrino/Sincronizador_neutrinos_study/Time_Stamp_Controller/Time_Stamp_Controller.runs/impl_1/runme.log
open_run impl_1
INFO: [Netlist 29-17] Analyzing 12 Unisim elements for replacement
INFO: [Netlist 29-28] Unisim Transformation completed in 0 CPU seconds
INFO: [Project 1-479] Netlist was created with Vivado 2019.1.3
INFO: [Project 1-570] Preparing netlist for logic optimization
INFO: [Timing 38-478] Restoring timing data from binary archive.
INFO: [Timing 38-479] Binary timing data restore complete.
INFO: [Project 1-856] Restoring constraints from binary archive.
INFO: [Project 1-853] Binary constraint restore complete.
Reading XDEF placement.
Reading placer database...
Reading XDEF routing.
Read XDEF File: Time (s): cpu = 00:00:00 ; elapsed = 00:00:00.036 . Memory (MB): peak = 2383.461 ; gain = 0.000
Restored from archive | CPU: 0.000000 secs | Memory: 0.000000 MB |
Finished XDEF File Restore: Time (s): cpu = 00:00:00 ; elapsed = 00:00:00.036 . Memory (MB): peak = 2383.461 ; gain = 0.000
Netlist sorting complete. Time (s): cpu = 00:00:00 ; elapsed = 00:00:00 . Memory (MB): peak = 2383.461 ; gain = 0.000
INFO: [Project 1-111] Unisim Transformation Summary:
No Unisim elements were transformed.

WARNING: [Timing 38-313] There are no user specified timing constraints. Timing constraints are needed for proper timing analysis.
launch_runs impl_1 -to_step write_bitstream -jobs 16
[Mon Jan 13 03:15:31 2025] Launched impl_1...
Run output will be captured here: C:/Users/giuff/OneDrive/Documents/UTEC/Neutrino/Sincronizador_neutrinos_study/Time_Stamp_Controller/Time_Stamp_Controller.runs/impl_1/runme.log
close_design
open_run synth_1 -name synth_1
Design is defaulting to impl run constrset: constrs_1
Design is defaulting to synth run part: xc7z020clg400-2
INFO: [Netlist 29-17] Analyzing 12 Unisim elements for replacement
INFO: [Netlist 29-28] Unisim Transformation completed in 0 CPU seconds
INFO: [Project 1-479] Netlist was created with Vivado 2019.1.3
INFO: [Project 1-570] Preparing netlist for logic optimization
Parsing XDC File [C:/Users/giuff/OneDrive/Documents/UTEC/Neutrino/Sincronizador_neutrinos_study/Time_Stamp_Controller/Time_Stamp_Controller.srcs/constrs_1/new/const.xdc]
CRITICAL WARNING: [Vivado 12-1411] Cannot set LOC property of ports, Site location is not valid [C:/Users/giuff/OneDrive/Documents/UTEC/Neutrino/Sincronizador_neutrinos_study/Time_Stamp_Controller/Time_Stamp_Controller.srcs/constrs_1/new/const.xdc:11]
Finished Parsing XDC File [C:/Users/giuff/OneDrive/Documents/UTEC/Neutrino/Sincronizador_neutrinos_study/Time_Stamp_Controller/Time_Stamp_Controller.srcs/constrs_1/new/const.xdc]
INFO: [Opt 31-138] Pushed 0 inverter(s) to 0 load pin(s).
Netlist sorting complete. Time (s): cpu = 00:00:00 ; elapsed = 00:00:00 . Memory (MB): peak = 3543.398 ; gain = 0.000
INFO: [Project 1-111] Unisim Transformation Summary:
No Unisim elements were transformed.

refresh_design
INFO: [Project 1-570] Preparing netlist for logic optimization
Parsing XDC File [C:/Users/giuff/OneDrive/Documents/UTEC/Neutrino/Sincronizador_neutrinos_study/Time_Stamp_Controller/Time_Stamp_Controller.srcs/constrs_1/new/const.xdc]
Finished Parsing XDC File [C:/Users/giuff/OneDrive/Documents/UTEC/Neutrino/Sincronizador_neutrinos_study/Time_Stamp_Controller/Time_Stamp_Controller.srcs/constrs_1/new/const.xdc]
INFO: [Opt 31-138] Pushed 0 inverter(s) to 0 load pin(s).
set_property package_pin "" [get_ports [list  UART_TX_o]]
save_constraints
close_design
WARNING: [Board 49-26] cannot add Board Part digilentinc.com:genesys2:part0:1.1 available at C:/Users/giuff/AppData/Roaming/Xilinx/Vivado/2019.1/xhub/board_store/XilinxBoardStore/Vivado/2019.1/boards/Digilent/genesys2/H/1.1/board.xml as part xc7k325tffg900-2 specified in board_part file is either invalid or not available
WARNING: [Board 49-26] cannot add Board Part digilentinc.com:sword:part0:1.0 available at C:/Users/giuff/AppData/Roaming/Xilinx/Vivado/2019.1/xhub/board_store/XilinxBoardStore/Vivado/2019.1/boards/Digilent/sword/C.0/1.0/board.xml as part xc7k325tffg900-2 specified in board_part file is either invalid or not available
WARNING: [Board 49-26] cannot add Board Part trenz.biz:te0808_15eg_1e:part0:3.0 available at C:/Users/giuff/AppData/Roaming/Xilinx/Vivado/2019.1/xhub/board_store/XilinxBoardStore/Vivado/2019.1/boards/Trenz_Electronic/TE0808_15EG_1E/3.0/3.0/board.xml as part xczu15eg-ffvc900-1-e specified in board_part file is either invalid or not available
WARNING: [Board 49-26] cannot add Board Part trenz.biz:te0808_15eg_1e_tebf0808:part0:4.0 available at C:/Users/giuff/AppData/Roaming/Xilinx/Vivado/2019.1/xhub/board_store/XilinxBoardStore/Vivado/2019.1/boards/Trenz_Electronic/TE0808_15EG_1E/4.0/4.0/board.xml as part xczu15eg-ffvc900-1-e specified in board_part file is either invalid or not available
WARNING: [Board 49-26] cannot add Board Part trenz.biz:te0808_6eg_1e:part0:3.0 available at C:/Users/giuff/AppData/Roaming/Xilinx/Vivado/2019.1/xhub/board_store/XilinxBoardStore/Vivado/2019.1/boards/Trenz_Electronic/TE0808_6EG_1E/3.0/3.0/board.xml as part xczu6eg-ffvc900-1-e specified in board_part file is either invalid or not available
WARNING: [Board 49-26] cannot add Board Part trenz.biz:te0808_6eg_1e_tebf0808:part0:4.0 available at C:/Users/giuff/AppData/Roaming/Xilinx/Vivado/2019.1/xhub/board_store/XilinxBoardStore/Vivado/2019.1/boards/Trenz_Electronic/TE0808_6EG_1E/4.0/4.0/board.xml as part xczu6eg-ffvc900-1-e specified in board_part file is either invalid or not available
WARNING: [Board 49-26] cannot add Board Part trenz.biz:te0808_9eg_1e:part0:1.0 available at C:/Users/giuff/AppData/Roaming/Xilinx/Vivado/2019.1/xhub/board_store/XilinxBoardStore/Vivado/2019.1/boards/Trenz_Electronic/TE0808_9EG_1E/1.0/1.0/board.xml as part xczu9eg-ffvc900-1-e specified in board_part file is either invalid or not available
WARNING: [Board 49-26] cannot add Board Part trenz.biz:te0808_9eg_1e:part0:3.0 available at C:/Users/giuff/AppData/Roaming/Xilinx/Vivado/2019.1/xhub/board_store/XilinxBoardStore/Vivado/2019.1/boards/Trenz_Electronic/TE0808_9EG_1E/3.0/3.0/board.xml as part xczu9eg-ffvc900-1-e specified in board_part file is either invalid or not available
WARNING: [Board 49-26] cannot add Board Part trenz.biz:te0808_9eg_1e_tebf0808:part0:2.0 available at C:/Users/giuff/AppData/Roaming/Xilinx/Vivado/2019.1/xhub/board_store/XilinxBoardStore/Vivado/2019.1/boards/Trenz_Electronic/TE0808_9EG_1E/2.0/2.0/board.xml as part xczu9eg-ffvc900-1-e specified in board_part file is either invalid or not available
WARNING: [Board 49-26] cannot add Board Part trenz.biz:te0808_9eg_1e_tebf0808:part0:4.0 available at C:/Users/giuff/AppData/Roaming/Xilinx/Vivado/2019.1/xhub/board_store/XilinxBoardStore/Vivado/2019.1/boards/Trenz_Electronic/TE0808_9EG_1E/4.0/4.0/board.xml as part xczu9eg-ffvc900-1-e specified in board_part file is either invalid or not available
WARNING: [Board 49-26] cannot add Board Part trenz.biz:te0808_9eg_2i:part0:3.0 available at C:/Users/giuff/AppData/Roaming/Xilinx/Vivado/2019.1/xhub/board_store/XilinxBoardStore/Vivado/2019.1/boards/Trenz_Electronic/TE0808_9EG_2I/3.0/3.0/board.xml as part xczu9eg-ffvc900-2-i specified in board_part file is either invalid or not available
WARNING: [Board 49-26] cannot add Board Part trenz.biz:te0808_9eg_2i_tebf0808:part0:4.0 available at C:/Users/giuff/AppData/Roaming/Xilinx/Vivado/2019.1/xhub/board_store/XilinxBoardStore/Vivado/2019.1/boards/Trenz_Electronic/TE0808_9EG_2I/4.0/4.0/board.xml as part xczu9eg-ffvc900-2-i specified in board_part file is either invalid or not available
WARNING: [Board 49-26] cannot add Board Part trenz.biz:teb0911_9eg_1e:part0:1.0 available at C:/Users/giuff/AppData/Roaming/Xilinx/Vivado/2019.1/xhub/board_store/XilinxBoardStore/Vivado/2019.1/boards/Trenz_Electronic/TEB0911_9EG_1E/1.0/1.0/board.xml as part xczu9eg-ffvb1156-1-e specified in board_part file is either invalid or not available
WARNING: [Board 49-26] cannot add Board Part trenz.biz:tec0850_15eg_1e:part0:1.0 available at C:/Users/giuff/AppData/Roaming/Xilinx/Vivado/2019.1/xhub/board_store/XilinxBoardStore/Vivado/2019.1/boards/Trenz_Electronic/TEC0850_15EG_1E/1.0/1.0/board.xml as part xczu15eg-ffvb1156-1-e specified in board_part file is either invalid or not available
WARNING: [Board 49-26] cannot add Board Part xilinx.com:au200:part0:1.2 available at C:/Users/giuff/AppData/Roaming/Xilinx/Vivado/2019.1/xhub/board_store/XilinxBoardStore/Vivado/2019.1/boards/Xilinx/au200/1.2/1.2/board.xml as part xcu200-fsgd2104-2-e specified in board_part file is either invalid or not available
WARNING: [Board 49-26] cannot add Board Part xilinx.com:au250:part0:1.2 available at C:/Users/giuff/AppData/Roaming/Xilinx/Vivado/2019.1/xhub/board_store/XilinxBoardStore/Vivado/2019.1/boards/Xilinx/au250/1.2/1.2/board.xml as part xcu250-figd2104-2l-e specified in board_part file is either invalid or not available
WARNING: [Board 49-26] cannot add Board Part xilinx.com:au280:part0:1.0 available at C:/Users/giuff/AppData/Roaming/Xilinx/Vivado/2019.1/xhub/board_store/XilinxBoardStore/Vivado/2019.1/boards/Xilinx/au280/production/1.0/1.0/board.xml as part xcu280-fsvh2892-2l-e specified in board_part file is either invalid or not available
WARNING: [Board 49-26] cannot add Board Part xilinx.com:au280_es1:part0:1.0 available at C:/Users/giuff/AppData/Roaming/Xilinx/Vivado/2019.1/xhub/board_store/XilinxBoardStore/Vivado/2019.1/boards/Xilinx/au280/es1/1.0/1.0/board.xml as part xcu280-fsvh2892-2l-e-es1 specified in board_part file is either invalid or not available
WARNING: [Board 49-26] cannot add Board Part xilinx.com:au280_es1:part0:1.1 available at C:/Users/giuff/AppData/Roaming/Xilinx/Vivado/2019.1/xhub/board_store/XilinxBoardStore/Vivado/2019.1/boards/Xilinx/au280/es1/1.1/1.1/board.xml as part xcu280-fsvh2892-2l-e-es1 specified in board_part file is either invalid or not available
WARNING: [Board 49-26] cannot add Board Part xilinx.com:vcu118:part0:2.0 available at C:/Users/giuff/AppData/Roaming/Xilinx/Vivado/2019.1/xhub/board_store/XilinxBoardStore/Vivado/2019.1/boards/Xilinx/vcu118/2.0/2.0/board.xml as part xcvu9p-flga2104-2l-e specified in board_part file is either invalid or not available
WARNING: [Board 49-26] cannot add Board Part xilinx.com:vcu128_es:part0:1.0 available at C:/Users/giuff/AppData/Roaming/Xilinx/Vivado/2019.1/xhub/board_store/XilinxBoardStore/Vivado/2019.1/boards/Xilinx/vcu128/1.0/1.0/board.xml as part xcvu37p-fsvh2892-2l-e-es1 specified in board_part file is either invalid or not available
WARNING: [Board 49-26] cannot add Board Part xilinx.com:vcu128_es:part0:1.1 available at C:/Users/giuff/AppData/Roaming/Xilinx/Vivado/2019.1/xhub/board_store/XilinxBoardStore/Vivado/2019.1/boards/Xilinx/vcu128/1.1/1.1/board.xml as part xcvu37p-fsvh2892-2l-e-es1 specified in board_part file is either invalid or not available
WARNING: [Board 49-26] cannot add Board Part xilinx.com:vcu129:part0:1.0 available at C:/Users/giuff/AppData/Roaming/Xilinx/Vivado/2019.1/xhub/board_store/XilinxBoardStore/Vivado/2019.1/boards/Xilinx/vcu129/production/1.0/1.0/board.xml as part xcvu29p-fsga2577-2l-e specified in board_part file is either invalid or not available
WARNING: [Board 49-26] cannot add Board Part xilinx.com:vcu129_es:part0:1.0 available at C:/Users/giuff/AppData/Roaming/Xilinx/Vivado/2019.1/xhub/board_store/XilinxBoardStore/Vivado/2019.1/boards/Xilinx/vcu129/es/1.0/1.0/board.xml as part xcvu29p-fsga2577-2l-e-es1 specified in board_part file is either invalid or not available
WARNING: [Board 49-26] cannot add Board Part digilentinc.com:genesys2:part0:1.1 available at C:/Users/giuff/AppData/Roaming/Xilinx/Vivado/2019.1/xhub/board_store/XilinxBoardStore/Vivado/2019.1/boards/Digilent/genesys2/H/1.1/board.xml as part xc7k325tffg900-2 specified in board_part file is either invalid or not available
WARNING: [Board 49-26] cannot add Board Part digilentinc.com:sword:part0:1.0 available at C:/Users/giuff/AppData/Roaming/Xilinx/Vivado/2019.1/xhub/board_store/XilinxBoardStore/Vivado/2019.1/boards/Digilent/sword/C.0/1.0/board.xml as part xc7k325tffg900-2 specified in board_part file is either invalid or not available
WARNING: [Board 49-26] cannot add Board Part trenz.biz:te0808_15eg_1e:part0:3.0 available at C:/Users/giuff/AppData/Roaming/Xilinx/Vivado/2019.1/xhub/board_store/XilinxBoardStore/Vivado/2019.1/boards/Trenz_Electronic/TE0808_15EG_1E/3.0/3.0/board.xml as part xczu15eg-ffvc900-1-e specified in board_part file is either invalid or not available
WARNING: [Board 49-26] cannot add Board Part trenz.biz:te0808_15eg_1e_tebf0808:part0:4.0 available at C:/Users/giuff/AppData/Roaming/Xilinx/Vivado/2019.1/xhub/board_store/XilinxBoardStore/Vivado/2019.1/boards/Trenz_Electronic/TE0808_15EG_1E/4.0/4.0/board.xml as part xczu15eg-ffvc900-1-e specified in board_part file is either invalid or not available
WARNING: [Board 49-26] cannot add Board Part trenz.biz:te0808_6eg_1e:part0:3.0 available at C:/Users/giuff/AppData/Roaming/Xilinx/Vivado/2019.1/xhub/board_store/XilinxBoardStore/Vivado/2019.1/boards/Trenz_Electronic/TE0808_6EG_1E/3.0/3.0/board.xml as part xczu6eg-ffvc900-1-e specified in board_part file is either invalid or not available
WARNING: [Board 49-26] cannot add Board Part trenz.biz:te0808_6eg_1e_tebf0808:part0:4.0 available at C:/Users/giuff/AppData/Roaming/Xilinx/Vivado/2019.1/xhub/board_store/XilinxBoardStore/Vivado/2019.1/boards/Trenz_Electronic/TE0808_6EG_1E/4.0/4.0/board.xml as part xczu6eg-ffvc900-1-e specified in board_part file is either invalid or not available
WARNING: [Board 49-26] cannot add Board Part trenz.biz:te0808_9eg_1e:part0:1.0 available at C:/Users/giuff/AppData/Roaming/Xilinx/Vivado/2019.1/xhub/board_store/XilinxBoardStore/Vivado/2019.1/boards/Trenz_Electronic/TE0808_9EG_1E/1.0/1.0/board.xml as part xczu9eg-ffvc900-1-e specified in board_part file is either invalid or not available
WARNING: [Board 49-26] cannot add Board Part trenz.biz:te0808_9eg_1e:part0:3.0 available at C:/Users/giuff/AppData/Roaming/Xilinx/Vivado/2019.1/xhub/board_store/XilinxBoardStore/Vivado/2019.1/boards/Trenz_Electronic/TE0808_9EG_1E/3.0/3.0/board.xml as part xczu9eg-ffvc900-1-e specified in board_part file is either invalid or not available
WARNING: [Board 49-26] cannot add Board Part trenz.biz:te0808_9eg_1e_tebf0808:part0:2.0 available at C:/Users/giuff/AppData/Roaming/Xilinx/Vivado/2019.1/xhub/board_store/XilinxBoardStore/Vivado/2019.1/boards/Trenz_Electronic/TE0808_9EG_1E/2.0/2.0/board.xml as part xczu9eg-ffvc900-1-e specified in board_part file is either invalid or not available
WARNING: [Board 49-26] cannot add Board Part trenz.biz:te0808_9eg_1e_tebf0808:part0:4.0 available at C:/Users/giuff/AppData/Roaming/Xilinx/Vivado/2019.1/xhub/board_store/XilinxBoardStore/Vivado/2019.1/boards/Trenz_Electronic/TE0808_9EG_1E/4.0/4.0/board.xml as part xczu9eg-ffvc900-1-e specified in board_part file is either invalid or not available
WARNING: [Board 49-26] cannot add Board Part trenz.biz:te0808_9eg_2i:part0:3.0 available at C:/Users/giuff/AppData/Roaming/Xilinx/Vivado/2019.1/xhub/board_store/XilinxBoardStore/Vivado/2019.1/boards/Trenz_Electronic/TE0808_9EG_2I/3.0/3.0/board.xml as part xczu9eg-ffvc900-2-i specified in board_part file is either invalid or not available
WARNING: [Board 49-26] cannot add Board Part trenz.biz:te0808_9eg_2i_tebf0808:part0:4.0 available at C:/Users/giuff/AppData/Roaming/Xilinx/Vivado/2019.1/xhub/board_store/XilinxBoardStore/Vivado/2019.1/boards/Trenz_Electronic/TE0808_9EG_2I/4.0/4.0/board.xml as part xczu9eg-ffvc900-2-i specified in board_part file is either invalid or not available
WARNING: [Board 49-26] cannot add Board Part trenz.biz:teb0911_9eg_1e:part0:1.0 available at C:/Users/giuff/AppData/Roaming/Xilinx/Vivado/2019.1/xhub/board_store/XilinxBoardStore/Vivado/2019.1/boards/Trenz_Electronic/TEB0911_9EG_1E/1.0/1.0/board.xml as part xczu9eg-ffvb1156-1-e specified in board_part file is either invalid or not available
WARNING: [Board 49-26] cannot add Board Part trenz.biz:tec0850_15eg_1e:part0:1.0 available at C:/Users/giuff/AppData/Roaming/Xilinx/Vivado/2019.1/xhub/board_store/XilinxBoardStore/Vivado/2019.1/boards/Trenz_Electronic/TEC0850_15EG_1E/1.0/1.0/board.xml as part xczu15eg-ffvb1156-1-e specified in board_part file is either invalid or not available
WARNING: [Board 49-26] cannot add Board Part xilinx.com:au200:part0:1.2 available at C:/Users/giuff/AppData/Roaming/Xilinx/Vivado/2019.1/xhub/board_store/XilinxBoardStore/Vivado/2019.1/boards/Xilinx/au200/1.2/1.2/board.xml as part xcu200-fsgd2104-2-e specified in board_part file is either invalid or not available
WARNING: [Board 49-26] cannot add Board Part xilinx.com:au250:part0:1.2 available at C:/Users/giuff/AppData/Roaming/Xilinx/Vivado/2019.1/xhub/board_store/XilinxBoardStore/Vivado/2019.1/boards/Xilinx/au250/1.2/1.2/board.xml as part xcu250-figd2104-2l-e specified in board_part file is either invalid or not available
WARNING: [Board 49-26] cannot add Board Part xilinx.com:au280:part0:1.0 available at C:/Users/giuff/AppData/Roaming/Xilinx/Vivado/2019.1/xhub/board_store/XilinxBoardStore/Vivado/2019.1/boards/Xilinx/au280/production/1.0/1.0/board.xml as part xcu280-fsvh2892-2l-e specified in board_part file is either invalid or not available
WARNING: [Board 49-26] cannot add Board Part xilinx.com:au280_es1:part0:1.0 available at C:/Users/giuff/AppData/Roaming/Xilinx/Vivado/2019.1/xhub/board_store/XilinxBoardStore/Vivado/2019.1/boards/Xilinx/au280/es1/1.0/1.0/board.xml as part xcu280-fsvh2892-2l-e-es1 specified in board_part file is either invalid or not available
WARNING: [Board 49-26] cannot add Board Part xilinx.com:au280_es1:part0:1.1 available at C:/Users/giuff/AppData/Roaming/Xilinx/Vivado/2019.1/xhub/board_store/XilinxBoardStore/Vivado/2019.1/boards/Xilinx/au280/es1/1.1/1.1/board.xml as part xcu280-fsvh2892-2l-e-es1 specified in board_part file is either invalid or not available
WARNING: [Board 49-26] cannot add Board Part xilinx.com:vcu118:part0:2.0 available at C:/Users/giuff/AppData/Roaming/Xilinx/Vivado/2019.1/xhub/board_store/XilinxBoardStore/Vivado/2019.1/boards/Xilinx/vcu118/2.0/2.0/board.xml as part xcvu9p-flga2104-2l-e specified in board_part file is either invalid or not available
WARNING: [Board 49-26] cannot add Board Part xilinx.com:vcu128_es:part0:1.0 available at C:/Users/giuff/AppData/Roaming/Xilinx/Vivado/2019.1/xhub/board_store/XilinxBoardStore/Vivado/2019.1/boards/Xilinx/vcu128/1.0/1.0/board.xml as part xcvu37p-fsvh2892-2l-e-es1 specified in board_part file is either invalid or not available
WARNING: [Board 49-26] cannot add Board Part xilinx.com:vcu128_es:part0:1.1 available at C:/Users/giuff/AppData/Roaming/Xilinx/Vivado/2019.1/xhub/board_store/XilinxBoardStore/Vivado/2019.1/boards/Xilinx/vcu128/1.1/1.1/board.xml as part xcvu37p-fsvh2892-2l-e-es1 specified in board_part file is either invalid or not available
WARNING: [Board 49-26] cannot add Board Part xilinx.com:vcu129:part0:1.0 available at C:/Users/giuff/AppData/Roaming/Xilinx/Vivado/2019.1/xhub/board_store/XilinxBoardStore/Vivado/2019.1/boards/Xilinx/vcu129/production/1.0/1.0/board.xml as part xcvu29p-fsga2577-2l-e specified in board_part file is either invalid or not available
WARNING: [Board 49-26] cannot add Board Part xilinx.com:vcu129_es:part0:1.0 available at C:/Users/giuff/AppData/Roaming/Xilinx/Vivado/2019.1/xhub/board_store/XilinxBoardStore/Vivado/2019.1/boards/Xilinx/vcu129/es/1.0/1.0/board.xml as part xcvu29p-fsga2577-2l-e-es1 specified in board_part file is either invalid or not available
WARNING: [Board 49-26] cannot add Board Part digilentinc.com:genesys2:part0:1.1 available at C:/Users/giuff/AppData/Roaming/Xilinx/Vivado/2019.1/xhub/board_store/XilinxBoardStore/Vivado/2019.1/boards/Digilent/genesys2/H/1.1/board.xml as part xc7k325tffg900-2 specified in board_part file is either invalid or not available
WARNING: [Board 49-26] cannot add Board Part digilentinc.com:sword:part0:1.0 available at C:/Users/giuff/AppData/Roaming/Xilinx/Vivado/2019.1/xhub/board_store/XilinxBoardStore/Vivado/2019.1/boards/Digilent/sword/C.0/1.0/board.xml as part xc7k325tffg900-2 specified in board_part file is either invalid or not available
WARNING: [Board 49-26] cannot add Board Part trenz.biz:te0808_15eg_1e:part0:3.0 available at C:/Users/giuff/AppData/Roaming/Xilinx/Vivado/2019.1/xhub/board_store/XilinxBoardStore/Vivado/2019.1/boards/Trenz_Electronic/TE0808_15EG_1E/3.0/3.0/board.xml as part xczu15eg-ffvc900-1-e specified in board_part file is either invalid or not available
WARNING: [Board 49-26] cannot add Board Part trenz.biz:te0808_15eg_1e_tebf0808:part0:4.0 available at C:/Users/giuff/AppData/Roaming/Xilinx/Vivado/2019.1/xhub/board_store/XilinxBoardStore/Vivado/2019.1/boards/Trenz_Electronic/TE0808_15EG_1E/4.0/4.0/board.xml as part xczu15eg-ffvc900-1-e specified in board_part file is either invalid or not available
WARNING: [Board 49-26] cannot add Board Part trenz.biz:te0808_6eg_1e:part0:3.0 available at C:/Users/giuff/AppData/Roaming/Xilinx/Vivado/2019.1/xhub/board_store/XilinxBoardStore/Vivado/2019.1/boards/Trenz_Electronic/TE0808_6EG_1E/3.0/3.0/board.xml as part xczu6eg-ffvc900-1-e specified in board_part file is either invalid or not available
WARNING: [Board 49-26] cannot add Board Part trenz.biz:te0808_6eg_1e_tebf0808:part0:4.0 available at C:/Users/giuff/AppData/Roaming/Xilinx/Vivado/2019.1/xhub/board_store/XilinxBoardStore/Vivado/2019.1/boards/Trenz_Electronic/TE0808_6EG_1E/4.0/4.0/board.xml as part xczu6eg-ffvc900-1-e specified in board_part file is either invalid or not available
WARNING: [Board 49-26] cannot add Board Part trenz.biz:te0808_9eg_1e:part0:1.0 available at C:/Users/giuff/AppData/Roaming/Xilinx/Vivado/2019.1/xhub/board_store/XilinxBoardStore/Vivado/2019.1/boards/Trenz_Electronic/TE0808_9EG_1E/1.0/1.0/board.xml as part xczu9eg-ffvc900-1-e specified in board_part file is either invalid or not available
WARNING: [Board 49-26] cannot add Board Part trenz.biz:te0808_9eg_1e:part0:3.0 available at C:/Users/giuff/AppData/Roaming/Xilinx/Vivado/2019.1/xhub/board_store/XilinxBoardStore/Vivado/2019.1/boards/Trenz_Electronic/TE0808_9EG_1E/3.0/3.0/board.xml as part xczu9eg-ffvc900-1-e specified in board_part file is either invalid or not available
WARNING: [Board 49-26] cannot add Board Part trenz.biz:te0808_9eg_1e_tebf0808:part0:2.0 available at C:/Users/giuff/AppData/Roaming/Xilinx/Vivado/2019.1/xhub/board_store/XilinxBoardStore/Vivado/2019.1/boards/Trenz_Electronic/TE0808_9EG_1E/2.0/2.0/board.xml as part xczu9eg-ffvc900-1-e specified in board_part file is either invalid or not available
WARNING: [Board 49-26] cannot add Board Part trenz.biz:te0808_9eg_1e_tebf0808:part0:4.0 available at C:/Users/giuff/AppData/Roaming/Xilinx/Vivado/2019.1/xhub/board_store/XilinxBoardStore/Vivado/2019.1/boards/Trenz_Electronic/TE0808_9EG_1E/4.0/4.0/board.xml as part xczu9eg-ffvc900-1-e specified in board_part file is either invalid or not available
WARNING: [Board 49-26] cannot add Board Part trenz.biz:te0808_9eg_2i:part0:3.0 available at C:/Users/giuff/AppData/Roaming/Xilinx/Vivado/2019.1/xhub/board_store/XilinxBoardStore/Vivado/2019.1/boards/Trenz_Electronic/TE0808_9EG_2I/3.0/3.0/board.xml as part xczu9eg-ffvc900-2-i specified in board_part file is either invalid or not available
WARNING: [Board 49-26] cannot add Board Part trenz.biz:te0808_9eg_2i_tebf0808:part0:4.0 available at C:/Users/giuff/AppData/Roaming/Xilinx/Vivado/2019.1/xhub/board_store/XilinxBoardStore/Vivado/2019.1/boards/Trenz_Electronic/TE0808_9EG_2I/4.0/4.0/board.xml as part xczu9eg-ffvc900-2-i specified in board_part file is either invalid or not available
WARNING: [Board 49-26] cannot add Board Part trenz.biz:teb0911_9eg_1e:part0:1.0 available at C:/Users/giuff/AppData/Roaming/Xilinx/Vivado/2019.1/xhub/board_store/XilinxBoardStore/Vivado/2019.1/boards/Trenz_Electronic/TEB0911_9EG_1E/1.0/1.0/board.xml as part xczu9eg-ffvb1156-1-e specified in board_part file is either invalid or not available
WARNING: [Board 49-26] cannot add Board Part trenz.biz:tec0850_15eg_1e:part0:1.0 available at C:/Users/giuff/AppData/Roaming/Xilinx/Vivado/2019.1/xhub/board_store/XilinxBoardStore/Vivado/2019.1/boards/Trenz_Electronic/TEC0850_15EG_1E/1.0/1.0/board.xml as part xczu15eg-ffvb1156-1-e specified in board_part file is either invalid or not available
WARNING: [Board 49-26] cannot add Board Part xilinx.com:au200:part0:1.2 available at C:/Users/giuff/AppData/Roaming/Xilinx/Vivado/2019.1/xhub/board_store/XilinxBoardStore/Vivado/2019.1/boards/Xilinx/au200/1.2/1.2/board.xml as part xcu200-fsgd2104-2-e specified in board_part file is either invalid or not available
WARNING: [Board 49-26] cannot add Board Part xilinx.com:au250:part0:1.2 available at C:/Users/giuff/AppData/Roaming/Xilinx/Vivado/2019.1/xhub/board_store/XilinxBoardStore/Vivado/2019.1/boards/Xilinx/au250/1.2/1.2/board.xml as part xcu250-figd2104-2l-e specified in board_part file is either invalid or not available
WARNING: [Board 49-26] cannot add Board Part xilinx.com:au280:part0:1.0 available at C:/Users/giuff/AppData/Roaming/Xilinx/Vivado/2019.1/xhub/board_store/XilinxBoardStore/Vivado/2019.1/boards/Xilinx/au280/production/1.0/1.0/board.xml as part xcu280-fsvh2892-2l-e specified in board_part file is either invalid or not available
WARNING: [Board 49-26] cannot add Board Part xilinx.com:au280_es1:part0:1.0 available at C:/Users/giuff/AppData/Roaming/Xilinx/Vivado/2019.1/xhub/board_store/XilinxBoardStore/Vivado/2019.1/boards/Xilinx/au280/es1/1.0/1.0/board.xml as part xcu280-fsvh2892-2l-e-es1 specified in board_part file is either invalid or not available
WARNING: [Board 49-26] cannot add Board Part xilinx.com:au280_es1:part0:1.1 available at C:/Users/giuff/AppData/Roaming/Xilinx/Vivado/2019.1/xhub/board_store/XilinxBoardStore/Vivado/2019.1/boards/Xilinx/au280/es1/1.1/1.1/board.xml as part xcu280-fsvh2892-2l-e-es1 specified in board_part file is either invalid or not available
WARNING: [Board 49-26] cannot add Board Part xilinx.com:vcu118:part0:2.0 available at C:/Users/giuff/AppData/Roaming/Xilinx/Vivado/2019.1/xhub/board_store/XilinxBoardStore/Vivado/2019.1/boards/Xilinx/vcu118/2.0/2.0/board.xml as part xcvu9p-flga2104-2l-e specified in board_part file is either invalid or not available
WARNING: [Board 49-26] cannot add Board Part xilinx.com:vcu128_es:part0:1.0 available at C:/Users/giuff/AppData/Roaming/Xilinx/Vivado/2019.1/xhub/board_store/XilinxBoardStore/Vivado/2019.1/boards/Xilinx/vcu128/1.0/1.0/board.xml as part xcvu37p-fsvh2892-2l-e-es1 specified in board_part file is either invalid or not available
WARNING: [Board 49-26] cannot add Board Part xilinx.com:vcu128_es:part0:1.1 available at C:/Users/giuff/AppData/Roaming/Xilinx/Vivado/2019.1/xhub/board_store/XilinxBoardStore/Vivado/2019.1/boards/Xilinx/vcu128/1.1/1.1/board.xml as part xcvu37p-fsvh2892-2l-e-es1 specified in board_part file is either invalid or not available
WARNING: [Board 49-26] cannot add Board Part xilinx.com:vcu129:part0:1.0 available at C:/Users/giuff/AppData/Roaming/Xilinx/Vivado/2019.1/xhub/board_store/XilinxBoardStore/Vivado/2019.1/boards/Xilinx/vcu129/production/1.0/1.0/board.xml as part xcvu29p-fsga2577-2l-e specified in board_part file is either invalid or not available
WARNING: [Board 49-26] cannot add Board Part xilinx.com:vcu129_es:part0:1.0 available at C:/Users/giuff/AppData/Roaming/Xilinx/Vivado/2019.1/xhub/board_store/XilinxBoardStore/Vivado/2019.1/boards/Xilinx/vcu129/es/1.0/1.0/board.xml as part xcvu29p-fsga2577-2l-e-es1 specified in board_part file is either invalid or not available
WARNING: [Board 49-26] cannot add Board Part digilentinc.com:genesys2:part0:1.1 available at C:/Users/giuff/AppData/Roaming/Xilinx/Vivado/2019.1/xhub/board_store/XilinxBoardStore/Vivado/2019.1/boards/Digilent/genesys2/H/1.1/board.xml as part xc7k325tffg900-2 specified in board_part file is either invalid or not available
WARNING: [Board 49-26] cannot add Board Part digilentinc.com:sword:part0:1.0 available at C:/Users/giuff/AppData/Roaming/Xilinx/Vivado/2019.1/xhub/board_store/XilinxBoardStore/Vivado/2019.1/boards/Digilent/sword/C.0/1.0/board.xml as part xc7k325tffg900-2 specified in board_part file is either invalid or not available
WARNING: [Board 49-26] cannot add Board Part trenz.biz:te0808_15eg_1e:part0:3.0 available at C:/Users/giuff/AppData/Roaming/Xilinx/Vivado/2019.1/xhub/board_store/XilinxBoardStore/Vivado/2019.1/boards/Trenz_Electronic/TE0808_15EG_1E/3.0/3.0/board.xml as part xczu15eg-ffvc900-1-e specified in board_part file is either invalid or not available
WARNING: [Board 49-26] cannot add Board Part trenz.biz:te0808_15eg_1e_tebf0808:part0:4.0 available at C:/Users/giuff/AppData/Roaming/Xilinx/Vivado/2019.1/xhub/board_store/XilinxBoardStore/Vivado/2019.1/boards/Trenz_Electronic/TE0808_15EG_1E/4.0/4.0/board.xml as part xczu15eg-ffvc900-1-e specified in board_part file is either invalid or not available
WARNING: [Board 49-26] cannot add Board Part trenz.biz:te0808_6eg_1e:part0:3.0 available at C:/Users/giuff/AppData/Roaming/Xilinx/Vivado/2019.1/xhub/board_store/XilinxBoardStore/Vivado/2019.1/boards/Trenz_Electronic/TE0808_6EG_1E/3.0/3.0/board.xml as part xczu6eg-ffvc900-1-e specified in board_part file is either invalid or not available
WARNING: [Board 49-26] cannot add Board Part trenz.biz:te0808_6eg_1e_tebf0808:part0:4.0 available at C:/Users/giuff/AppData/Roaming/Xilinx/Vivado/2019.1/xhub/board_store/XilinxBoardStore/Vivado/2019.1/boards/Trenz_Electronic/TE0808_6EG_1E/4.0/4.0/board.xml as part xczu6eg-ffvc900-1-e specified in board_part file is either invalid or not available
WARNING: [Board 49-26] cannot add Board Part trenz.biz:te0808_9eg_1e:part0:1.0 available at C:/Users/giuff/AppData/Roaming/Xilinx/Vivado/2019.1/xhub/board_store/XilinxBoardStore/Vivado/2019.1/boards/Trenz_Electronic/TE0808_9EG_1E/1.0/1.0/board.xml as part xczu9eg-ffvc900-1-e specified in board_part file is either invalid or not available
WARNING: [Board 49-26] cannot add Board Part trenz.biz:te0808_9eg_1e:part0:3.0 available at C:/Users/giuff/AppData/Roaming/Xilinx/Vivado/2019.1/xhub/board_store/XilinxBoardStore/Vivado/2019.1/boards/Trenz_Electronic/TE0808_9EG_1E/3.0/3.0/board.xml as part xczu9eg-ffvc900-1-e specified in board_part file is either invalid or not available
WARNING: [Board 49-26] cannot add Board Part trenz.biz:te0808_9eg_1e_tebf0808:part0:2.0 available at C:/Users/giuff/AppData/Roaming/Xilinx/Vivado/2019.1/xhub/board_store/XilinxBoardStore/Vivado/2019.1/boards/Trenz_Electronic/TE0808_9EG_1E/2.0/2.0/board.xml as part xczu9eg-ffvc900-1-e specified in board_part file is either invalid or not available
WARNING: [Board 49-26] cannot add Board Part trenz.biz:te0808_9eg_1e_tebf0808:part0:4.0 available at C:/Users/giuff/AppData/Roaming/Xilinx/Vivado/2019.1/xhub/board_store/XilinxBoardStore/Vivado/2019.1/boards/Trenz_Electronic/TE0808_9EG_1E/4.0/4.0/board.xml as part xczu9eg-ffvc900-1-e specified in board_part file is either invalid or not available
WARNING: [Board 49-26] cannot add Board Part trenz.biz:te0808_9eg_2i:part0:3.0 available at C:/Users/giuff/AppData/Roaming/Xilinx/Vivado/2019.1/xhub/board_store/XilinxBoardStore/Vivado/2019.1/boards/Trenz_Electronic/TE0808_9EG_2I/3.0/3.0/board.xml as part xczu9eg-ffvc900-2-i specified in board_part file is either invalid or not available
WARNING: [Board 49-26] cannot add Board Part trenz.biz:te0808_9eg_2i_tebf0808:part0:4.0 available at C:/Users/giuff/AppData/Roaming/Xilinx/Vivado/2019.1/xhub/board_store/XilinxBoardStore/Vivado/2019.1/boards/Trenz_Electronic/TE0808_9EG_2I/4.0/4.0/board.xml as part xczu9eg-ffvc900-2-i specified in board_part file is either invalid or not available
WARNING: [Board 49-26] cannot add Board Part trenz.biz:teb0911_9eg_1e:part0:1.0 available at C:/Users/giuff/AppData/Roaming/Xilinx/Vivado/2019.1/xhub/board_store/XilinxBoardStore/Vivado/2019.1/boards/Trenz_Electronic/TEB0911_9EG_1E/1.0/1.0/board.xml as part xczu9eg-ffvb1156-1-e specified in board_part file is either invalid or not available
WARNING: [Board 49-26] cannot add Board Part trenz.biz:tec0850_15eg_1e:part0:1.0 available at C:/Users/giuff/AppData/Roaming/Xilinx/Vivado/2019.1/xhub/board_store/XilinxBoardStore/Vivado/2019.1/boards/Trenz_Electronic/TEC0850_15EG_1E/1.0/1.0/board.xml as part xczu15eg-ffvb1156-1-e specified in board_part file is either invalid or not available
WARNING: [Board 49-26] cannot add Board Part xilinx.com:au200:part0:1.2 available at C:/Users/giuff/AppData/Roaming/Xilinx/Vivado/2019.1/xhub/board_store/XilinxBoardStore/Vivado/2019.1/boards/Xilinx/au200/1.2/1.2/board.xml as part xcu200-fsgd2104-2-e specified in board_part file is either invalid or not available
WARNING: [Board 49-26] cannot add Board Part xilinx.com:au250:part0:1.2 available at C:/Users/giuff/AppData/Roaming/Xilinx/Vivado/2019.1/xhub/board_store/XilinxBoardStore/Vivado/2019.1/boards/Xilinx/au250/1.2/1.2/board.xml as part xcu250-figd2104-2l-e specified in board_part file is either invalid or not available
WARNING: [Board 49-26] cannot add Board Part xilinx.com:au280:part0:1.0 available at C:/Users/giuff/AppData/Roaming/Xilinx/Vivado/2019.1/xhub/board_store/XilinxBoardStore/Vivado/2019.1/boards/Xilinx/au280/production/1.0/1.0/board.xml as part xcu280-fsvh2892-2l-e specified in board_part file is either invalid or not available
WARNING: [Board 49-26] cannot add Board Part xilinx.com:au280_es1:part0:1.0 available at C:/Users/giuff/AppData/Roaming/Xilinx/Vivado/2019.1/xhub/board_store/XilinxBoardStore/Vivado/2019.1/boards/Xilinx/au280/es1/1.0/1.0/board.xml as part xcu280-fsvh2892-2l-e-es1 specified in board_part file is either invalid or not available
WARNING: [Board 49-26] cannot add Board Part xilinx.com:au280_es1:part0:1.1 available at C:/Users/giuff/AppData/Roaming/Xilinx/Vivado/2019.1/xhub/board_store/XilinxBoardStore/Vivado/2019.1/boards/Xilinx/au280/es1/1.1/1.1/board.xml as part xcu280-fsvh2892-2l-e-es1 specified in board_part file is either invalid or not available
WARNING: [Board 49-26] cannot add Board Part xilinx.com:vcu118:part0:2.0 available at C:/Users/giuff/AppData/Roaming/Xilinx/Vivado/2019.1/xhub/board_store/XilinxBoardStore/Vivado/2019.1/boards/Xilinx/vcu118/2.0/2.0/board.xml as part xcvu9p-flga2104-2l-e specified in board_part file is either invalid or not available
WARNING: [Board 49-26] cannot add Board Part xilinx.com:vcu128_es:part0:1.0 available at C:/Users/giuff/AppData/Roaming/Xilinx/Vivado/2019.1/xhub/board_store/XilinxBoardStore/Vivado/2019.1/boards/Xilinx/vcu128/1.0/1.0/board.xml as part xcvu37p-fsvh2892-2l-e-es1 specified in board_part file is either invalid or not available
WARNING: [Board 49-26] cannot add Board Part xilinx.com:vcu128_es:part0:1.1 available at C:/Users/giuff/AppData/Roaming/Xilinx/Vivado/2019.1/xhub/board_store/XilinxBoardStore/Vivado/2019.1/boards/Xilinx/vcu128/1.1/1.1/board.xml as part xcvu37p-fsvh2892-2l-e-es1 specified in board_part file is either invalid or not available
WARNING: [Board 49-26] cannot add Board Part xilinx.com:vcu129:part0:1.0 available at C:/Users/giuff/AppData/Roaming/Xilinx/Vivado/2019.1/xhub/board_store/XilinxBoardStore/Vivado/2019.1/boards/Xilinx/vcu129/production/1.0/1.0/board.xml as part xcvu29p-fsga2577-2l-e specified in board_part file is either invalid or not available
WARNING: [Board 49-26] cannot add Board Part xilinx.com:vcu129_es:part0:1.0 available at C:/Users/giuff/AppData/Roaming/Xilinx/Vivado/2019.1/xhub/board_store/XilinxBoardStore/Vivado/2019.1/boards/Xilinx/vcu129/es/1.0/1.0/board.xml as part xcvu29p-fsga2577-2l-e-es1 specified in board_part file is either invalid or not available
WARNING: [Board 49-26] cannot add Board Part digilentinc.com:genesys2:part0:1.1 available at C:/Users/giuff/AppData/Roaming/Xilinx/Vivado/2019.1/xhub/board_store/XilinxBoardStore/Vivado/2019.1/boards/Digilent/genesys2/H/1.1/board.xml as part xc7k325tffg900-2 specified in board_part file is either invalid or not available
WARNING: [Board 49-26] cannot add Board Part digilentinc.com:sword:part0:1.0 available at C:/Users/giuff/AppData/Roaming/Xilinx/Vivado/2019.1/xhub/board_store/XilinxBoardStore/Vivado/2019.1/boards/Digilent/sword/C.0/1.0/board.xml as part xc7k325tffg900-2 specified in board_part file is either invalid or not available
WARNING: [Board 49-26] cannot add Board Part trenz.biz:te0808_15eg_1e:part0:3.0 available at C:/Users/giuff/AppData/Roaming/Xilinx/Vivado/2019.1/xhub/board_store/XilinxBoardStore/Vivado/2019.1/boards/Trenz_Electronic/TE0808_15EG_1E/3.0/3.0/board.xml as part xczu15eg-ffvc900-1-e specified in board_part file is either invalid or not available
WARNING: [Board 49-26] cannot add Board Part trenz.biz:te0808_15eg_1e_tebf0808:part0:4.0 available at C:/Users/giuff/AppData/Roaming/Xilinx/Vivado/2019.1/xhub/board_store/XilinxBoardStore/Vivado/2019.1/boards/Trenz_Electronic/TE0808_15EG_1E/4.0/4.0/board.xml as part xczu15eg-ffvc900-1-e specified in board_part file is either invalid or not available
INFO: [Common 17-14] Message 'Board 49-26' appears 100 times and further instances of the messages will be disabled. Use the Tcl command set_msg_config to change the current settings.
